1717511094.184521 client started (1488807): version 3.0a, socket /tmp//tmux-1000/default, protocol 8
1717511094.184543 on Linux 5.15.0-105-generic #115~20.04.1-Ubuntu SMP Mon Apr 15 17:33:04 UTC 2024; libevent 2.1.11-stable (poll)
1717511094.184559 socket is /tmp//tmux-1000/default
1717511094.184573 trying connect
1717511094.184588 connect failed: No such file or directory
1717511094.184598 lock file is /tmp//tmux-1000/default.lock
1717511094.184616 flock succeeded
1717511094.184619 got lock (6)
1717511094.184626 trying connect
1717511094.184634 connect failed: No such file or directory
1717511094.184746 add peer 0x562717a26af0: 7 ((nil))
1717511094.184837 sending message 100 to peer 0x562717a26af0 (4 bytes)
1717511094.184845 sending message 101 to peer 0x562717a26af0 (15 bytes)
1717511094.184850 sending message 102 to peer 0x562717a26af0 (11 bytes)
1717511094.184863 sending message 108 to peer 0x562717a26af0 (77 bytes)
1717511094.184869 sending message 104 to peer 0x562717a26af0 (0 bytes)
1717511094.184875 sending message 107 to peer 0x562717a26af0 (4 bytes)
1717511094.184879 sending message 105 to peer 0x562717a26af0 (16 bytes)
1717511094.184884 sending message 105 to peer 0x562717a26af0 (14 bytes)
1717511094.184890 sending message 105 to peer 0x562717a26af0 (112 bytes)
1717511094.184900 sending message 105 to peer 0x562717a26af0 (19 bytes)
1717511094.184906 sending message 105 to peer 0x562717a26af0 (20 bytes)
1717511094.184911 sending message 105 to peer 0x562717a26af0 (45 bytes)
1717511094.184916 sending message 105 to peer 0x562717a26af0 (23 bytes)
1717511094.184921 sending message 105 to peer 0x562717a26af0 (44 bytes)
1717511094.184926 sending message 105 to peer 0x562717a26af0 (95 bytes)
1717511094.184931 sending message 105 to peer 0x562717a26af0 (21 bytes)
1717511094.184936 sending message 105 to peer 0x562717a26af0 (45 bytes)
1717511094.184941 sending message 105 to peer 0x562717a26af0 (23 bytes)
1717511094.184946 sending message 105 to peer 0x562717a26af0 (32 bytes)
1717511094.184950 sending message 105 to peer 0x562717a26af0 (20 bytes)
1717511094.184955 sending message 105 to peer 0x562717a26af0 (41 bytes)
1717511094.184959 sending message 105 to peer 0x562717a26af0 (62 bytes)
1717511094.184964 sending message 105 to peer 0x562717a26af0 (20 bytes)
1717511094.184969 sending message 105 to peer 0x562717a26af0 (23 bytes)
1717511094.184974 sending message 105 to peer 0x562717a26af0 (24 bytes)
1717511094.184979 sending message 105 to peer 0x562717a26af0 (19 bytes)
1717511094.184984 sending message 105 to peer 0x562717a26af0 (833 bytes)
1717511094.184989 sending message 105 to peer 0x562717a26af0 (28 bytes)
1717511094.184994 sending message 105 to peer 0x562717a26af0 (81 bytes)
1717511094.184999 sending message 105 to peer 0x562717a26af0 (81 bytes)
1717511094.185003 sending message 105 to peer 0x562717a26af0 (13 bytes)
1717511094.185008 sending message 105 to peer 0x562717a26af0 (27 bytes)
1717511094.185013 sending message 105 to peer 0x562717a26af0 (21 bytes)
1717511094.185017 sending message 105 to peer 0x562717a26af0 (52 bytes)
1717511094.185022 sending message 105 to peer 0x562717a26af0 (41 bytes)
1717511094.185027 sending message 105 to peer 0x562717a26af0 (33 bytes)
1717511094.185032 sending message 105 to peer 0x562717a26af0 (13 bytes)
1717511094.185036 sending message 105 to peer 0x562717a26af0 (16 bytes)
1717511094.185041 sending message 105 to peer 0x562717a26af0 (14 bytes)
1717511094.185045 sending message 105 to peer 0x562717a26af0 (18 bytes)
1717511094.185051 sending message 105 to peer 0x562717a26af0 (21 bytes)
1717511094.185056 sending message 105 to peer 0x562717a26af0 (17 bytes)
1717511094.185060 sending message 105 to peer 0x562717a26af0 (36 bytes)
1717511094.185064 sending message 105 to peer 0x562717a26af0 (1506 bytes)
1717511094.185071 sending message 105 to peer 0x562717a26af0 (33 bytes)
1717511094.185075 sending message 105 to peer 0x562717a26af0 (17 bytes)
1717511094.185080 sending message 105 to peer 0x562717a26af0 (69 bytes)
1717511094.185085 sending message 105 to peer 0x562717a26af0 (47 bytes)
1717511094.185095 sending message 105 to peer 0x562717a26af0 (76 bytes)
1717511094.185100 sending message 105 to peer 0x562717a26af0 (16 bytes)
1717511094.185104 sending message 105 to peer 0x562717a26af0 (24 bytes)
1717511094.185109 sending message 105 to peer 0x562717a26af0 (34 bytes)
1717511094.185114 sending message 105 to peer 0x562717a26af0 (23 bytes)
1717511094.185119 sending message 105 to peer 0x562717a26af0 (114 bytes)
1717511094.185124 sending message 105 to peer 0x562717a26af0 (20 bytes)
1717511094.185128 sending message 105 to peer 0x562717a26af0 (30 bytes)
1717511094.185133 sending message 105 to peer 0x562717a26af0 (32 bytes)
1717511094.185137 sending message 105 to peer 0x562717a26af0 (10 bytes)
1717511094.185142 sending message 105 to peer 0x562717a26af0 (11 bytes)
1717511094.185147 sending message 105 to peer 0x562717a26af0 (8 bytes)
1717511094.185151 sending message 105 to peer 0x562717a26af0 (25 bytes)
1717511094.185156 sending message 105 to peer 0x562717a26af0 (38 bytes)
1717511094.185160 sending message 105 to peer 0x562717a26af0 (18 bytes)
1717511094.185165 sending message 105 to peer 0x562717a26af0 (27 bytes)
1717511094.185169 sending message 105 to peer 0x562717a26af0 (75 bytes)
1717511094.185174 sending message 105 to peer 0x562717a26af0 (31 bytes)
1717511094.185180 sending message 105 to peer 0x562717a26af0 (20 bytes)
1717511094.185184 sending message 105 to peer 0x562717a26af0 (23 bytes)
1717511094.185188 sending message 105 to peer 0x562717a26af0 (85 bytes)
1717511094.185193 sending message 105 to peer 0x562717a26af0 (229 bytes)
1717511094.185198 sending message 105 to peer 0x562717a26af0 (18 bytes)
1717511094.185203 sending message 105 to peer 0x562717a26af0 (54 bytes)
1717511094.185208 sending message 105 to peer 0x562717a26af0 (35 bytes)
1717511094.185213 sending message 105 to peer 0x562717a26af0 (18 bytes)
1717511094.185217 sending message 105 to peer 0x562717a26af0 (37 bytes)
1717511094.185222 sending message 105 to peer 0x562717a26af0 (69 bytes)
1717511094.185227 sending message 105 to peer 0x562717a26af0 (23 bytes)
1717511094.185232 sending message 105 to peer 0x562717a26af0 (36 bytes)
1717511094.185236 sending message 105 to peer 0x562717a26af0 (16 bytes)
1717511094.185241 sending message 106 to peer 0x562717a26af0 (0 bytes)
1717511094.185246 sending message 200 to peer 0x562717a26af0 (4 bytes)
1717511094.185250 client loop enter
1717511094.221041 peer 0x562717a26af0 message 207
1717511094.221053 sending message 208 to peer 0x562717a26af0 (0 bytes)
1717511129.151031 sending message 205 to peer 0x562717a26af0 (0 bytes)
1717511129.151781 peer 0x562717a26af0 message 204
1717511129.151810 client loop exit
